#
# There is insufficient memory for the Java Runtime Environment to continue.
# Native memory allocation (mmap) failed to map 264241152 bytes for G1 virtual space
# Possible reasons:
#   The system is out of physical RAM or swap space
#   The process is running with CompressedOops enabled, and the Java Heap may be blocking the growth of the native heap
# Possible solutions:
#   Reduce memory load on the system
#   Increase physical memory or swap space
#   Check if swap backing store is full
#   Decrease Java heap size (-Xmx/-Xms)
#   Decrease number of Java threads
#   Decrease Java thread stack sizes (-Xss)
#   Set larger code cache with -XX:ReservedCodeCacheSize=
#   JVM is running with Zero Based Compressed Oops mode in which the Java heap is
#     placed in the first 32GB address space. The Java Heap base address is the
#     maximum limit for the native heap growth. Please use -XX:HeapBaseMinAddress
#     to set the Java Heap base and to place the Java Heap above 32GB virtual address.
# This output file may be truncated or incomplete.
#
#  Out of Memory Error (os_windows.cpp:3825), pid=30220, tid=15780
#
# JRE version:  (17.0.9+7) (build )
# Java VM: OpenJDK 64-Bit Server VM (17.0.9+7-b1000.46, mixed mode, sharing, tiered, compressed oops, compressed class ptrs, g1 gc, windows-amd64)
# No core dump will be written. Minidumps are not enabled by default on client versions of Windows
#

---------------  S U M M A R Y ------------

Command Line: git4idea.http.GitAskPassApp Username for 'https://gitee.com': 

Host: 12th Gen Intel(R) Core(TM) i5-12500H, 16 cores, 15G,  Windows 11 , 64 bit Build 22621 (10.0.22621.4391)
Time: Fri Nov  8 21:50:46 2024  Windows 11 , 64 bit Build 22621 (10.0.22621.4391) elapsed time: 0.033966 seconds (0d 0h 0m 0s)

---------------  T H R E A D  ---------------

Current thread (0x00000292576ea700):  JavaThread "Unknown thread" [_thread_in_vm, id=15780, stack(0x000000cc15600000,0x000000cc15700000)]

Stack: [0x000000cc15600000,0x000000cc15700000]
Native frames: (J=compiled Java code, j=interpreted, Vv=VM code, C=native code)
V  [jvm.dll+0x6886e9]
V  [jvm.dll+0x841e4a]
V  [jvm.dll+0x843a8e]
V  [jvm.dll+0x8440f3]
V  [jvm.dll+0x24c14f]
V  [jvm.dll+0x685499]
V  [jvm.dll+0x679c2a]
V  [jvm.dll+0x30cf9b]
V  [jvm.dll+0x314446]
V  [jvm.dll+0x36425e]
V  [jvm.dll+0x36448f]
V  [jvm.dll+0x2e2d68]
V  [jvm.dll+0x2e3cd4]
V  [jvm.dll+0x8129f1]
V  [jvm.dll+0x3720c1]
V  [jvm.dll+0x7f152c]
V  [jvm.dll+0x3f5d4f]
V  [jvm.dll+0x3f7981]
C  [jli.dll+0x528f]
C  [ucrtbase.dll+0x29333]
C  [KERNEL32.DLL+0x1259d]
C  [ntdll.dll+0x5af38]


---------------  P R O C E S S  ---------------

Threads class SMR info:
_java_thread_list=0x00007fffd859ef18, length=0, elements={
}

Java Threads: ( => current thread )

Other Threads:
  0x0000029257751bc0 GCTaskThread "GC Thread#0" [stack: 0x000000cc15700000,0x000000cc15800000] [id=21596]
  0x0000029257762520 ConcurrentGCThread "G1 Main Marker" [stack: 0x000000cc15800000,0x000000cc15900000] [id=21324]
  0x00000292577636e0 ConcurrentGCThread "G1 Conc#0" [stack: 0x000000cc15900000,0x000000cc15a00000] [id=14524]

[error occurred during error reporting (printing all threads), id 0xc0000005, EXCEPTION_ACCESS_VIOLATION (0xc0000005) at pc=0x00007fffd7d53937]

VM state: not at safepoint (not fully initialized)

VM Mutex/Monitor currently owned by a thread:  ([mutex/lock_event])
[0x00000292576e89e0] Heap_lock - owner thread: 0x00000292576ea700

Heap address: 0x0000000705e00000, size: 4002 MB, Compressed Oops mode: Zero based, Oop shift amount: 3

CDS archive(s) mapped at: [0x0000000000000000-0x0000000000000000-0x0000000000000000), size 0, SharedBaseAddress: 0x0000000800000000, ArchiveRelocationMode: 1.
Narrow klass base: 0x0000000000000000, Narrow klass shift: 0, Narrow klass range: 0x0

GC Precious Log:
<Empty>

Heap:
 garbage-first heap   total 0K, used 0K [0x0000000705e00000, 0x0000000800000000)
  region size 2048K, 0 young (0K), 0 survivors (0K)
 Metaspace       used 0K, committed 0K, reserved 0K
  class space    used 0K, committed 0K, reserved 0K

Heap Regions: E=young(eden), S=young(survivor), O=old, HS=humongous(starts), HC=humongous(continues), CS=collection set, F=free, OA=open archive, CA=closed archive, TAMS=top-at-mark-start (previous, next)

Card table byte_map: [0x000002926ce00000,0x000002926d5e0000] _byte_map_base: 0x00000292695d1000

Marking Bits (Prev, Next): (CMBitMap*) 0x00000292577521e0, (CMBitMap*) 0x0000029257752220
 Prev Bits: [0x000002926ddc0000, 0x0000029271c48000)
 Next Bits: [0x0000029271c50000, 0x0000029275ad8000)

GC Heap History (0 events):
No events

Dll operation events (1 events):
Event: 0.021 Loaded shared library E:\program\IntelliJ IDEA 2023.1.2\IntelliJ IDEA 2023.2.5\jbr\bin\java.dll

Deoptimization events (0 events):
No events

Classes unloaded (0 events):
No events

Classes redefined (0 events):
No events

Internal exceptions (0 events):
No events

VM Operations (0 events):
No events

Events (0 events):
No events


Dynamic libraries:
0x00007ff6cb1c0000 - 0x00007ff6cb1ca000 	E:\program\IntelliJ IDEA 2023.1.2\IntelliJ IDEA 2023.2.5\jbr\bin\java.exe
0x00007ff844970000 - 0x00007ff844b87000 	C:\WINDOWS\SYSTEM32\ntdll.dll
0x00007ff8428f0000 - 0x00007ff8429b4000 	C:\WINDOWS\System32\KERNEL32.DLL
0x00007ff842070000 - 0x00007ff842429000 	C:\WINDOWS\System32\KERNELBASE.dll
0x00007ff841e80000 - 0x00007ff841f91000 	C:\WINDOWS\System32\ucrtbase.dll
0x00007ff8234a0000 - 0x00007ff8234b7000 	E:\program\IntelliJ IDEA 2023.1.2\IntelliJ IDEA 2023.2.5\jbr\bin\jli.dll
0x00007ff844780000 - 0x00007ff84492e000 	C:\WINDOWS\System32\USER32.dll
0x00007ff842040000 - 0x00007ff842066000 	C:\WINDOWS\System32\win32u.dll
0x00007ff81d290000 - 0x00007ff81d2ab000 	E:\program\IntelliJ IDEA 2023.1.2\IntelliJ IDEA 2023.2.5\jbr\bin\VCRUNTIME140.dll
0x00007ff8445b0000 - 0x00007ff8445d9000 	C:\WINDOWS\System32\GDI32.dll
0x00007ff841c70000 - 0x00007ff841d8b000 	C:\WINDOWS\System32\gdi32full.dll
0x00007ff841fa0000 - 0x00007ff84203a000 	C:\WINDOWS\System32\msvcp_win.dll
0x00007ff82df10000 - 0x00007ff82e1a2000 	C:\WINDOWS\WinSxS\amd64_microsoft.windows.common-controls_6595b64144ccf1df_6.0.22621.4391_none_2715d37f73803e96\COMCTL32.dll
0x00007ff8427b0000 - 0x00007ff842857000 	C:\WINDOWS\System32\msvcrt.dll
0x00007ff844260000 - 0x00007ff844291000 	C:\WINDOWS\System32\IMM32.DLL
0x00007ff839cc0000 - 0x00007ff839ccc000 	E:\program\IntelliJ IDEA 2023.1.2\IntelliJ IDEA 2023.2.5\jbr\bin\vcruntime140_1.dll
0x00007ffffe490000 - 0x00007ffffe51d000 	E:\program\IntelliJ IDEA 2023.1.2\IntelliJ IDEA 2023.2.5\jbr\bin\msvcp140.dll
0x00007fffd7a60000 - 0x00007fffd86e3000 	E:\program\IntelliJ IDEA 2023.1.2\IntelliJ IDEA 2023.2.5\jbr\bin\server\jvm.dll
0x00007ff8446c0000 - 0x00007ff844772000 	C:\WINDOWS\System32\ADVAPI32.dll
0x00007ff843770000 - 0x00007ff843817000 	C:\WINDOWS\System32\sechost.dll
0x00007ff841d90000 - 0x00007ff841db8000 	C:\WINDOWS\System32\bcrypt.dll
0x00007ff843cc0000 - 0x00007ff843dd4000 	C:\WINDOWS\System32\RPCRT4.dll
0x00007ff840ae0000 - 0x00007ff840b2d000 	C:\WINDOWS\SYSTEM32\POWRPROF.dll
0x00007ff83b100000 - 0x00007ff83b109000 	C:\WINDOWS\SYSTEM32\WSOCK32.dll
0x00007ff83b3c0000 - 0x00007ff83b3f4000 	C:\WINDOWS\SYSTEM32\WINMM.dll
0x00007ff843bd0000 - 0x00007ff843c41000 	C:\WINDOWS\System32\WS2_32.dll
0x00007ff837a00000 - 0x00007ff837a0a000 	C:\WINDOWS\SYSTEM32\VERSION.dll
0x00007ff840ab0000 - 0x00007ff840ac3000 	C:\WINDOWS\SYSTEM32\UMPDC.dll
0x00007ff840d80000 - 0x00007ff840d98000 	C:\WINDOWS\SYSTEM32\kernel.appcore.dll
0x00007ff832100000 - 0x00007ff83210a000 	E:\program\IntelliJ IDEA 2023.1.2\IntelliJ IDEA 2023.2.5\jbr\bin\jimage.dll
0x00007ff83edf0000 - 0x00007ff83f022000 	C:\WINDOWS\SYSTEM32\DBGHELP.DLL
0x00007ff843840000 - 0x00007ff843bcf000 	C:\WINDOWS\System32\combase.dll
0x00007ff8445e0000 - 0x00007ff8446b7000 	C:\WINDOWS\System32\OLEAUT32.dll
0x00007ff837e70000 - 0x00007ff837ea2000 	C:\WINDOWS\SYSTEM32\dbgcore.DLL
0x00007ff842610000 - 0x00007ff84268b000 	C:\WINDOWS\System32\bcryptPrimitives.dll
0x00007ff8234c0000 - 0x00007ff8234e5000 	E:\program\IntelliJ IDEA 2023.1.2\IntelliJ IDEA 2023.2.5\jbr\bin\java.dll

dbghelp: loaded successfully - version: 4.0.5 - missing functions: none
symbol engine: initialized successfully - sym options: 0x614 - pdb path: .;E:\program\IntelliJ IDEA 2023.1.2\IntelliJ IDEA 2023.2.5\jbr\bin;C:\WINDOWS\SYSTEM32;C:\WINDOWS\WinSxS\amd64_microsoft.windows.common-controls_6595b64144ccf1df_6.0.22621.4391_none_2715d37f73803e96;E:\program\IntelliJ IDEA 2023.1.2\IntelliJ IDEA 2023.2.5\jbr\bin\server

VM Arguments:
java_command: git4idea.http.GitAskPassApp Username for 'https://gitee.com': 
java_class_path (initial): E:/program/IntelliJ IDEA 2023.1.2/IntelliJ IDEA 2023.2.5/plugins/vcs-git/lib/git4idea-rt.jar;E:/program/IntelliJ IDEA 2023.1.2/IntelliJ IDEA 2023.2.5/lib/externalProcess-rt.jar
Launcher Type: SUN_STANDARD

[Global flags]
     intx CICompilerCount                          = 12                                        {product} {ergonomic}
     uint ConcGCThreads                            = 3                                         {product} {ergonomic}
     uint G1ConcRefinementThreads                  = 13                                        {product} {ergonomic}
   size_t G1HeapRegionSize                         = 2097152                                   {product} {ergonomic}
    uintx GCDrainStackTargetSize                   = 64                                        {product} {ergonomic}
   size_t InitialHeapSize                          = 264241152                                 {product} {ergonomic}
   size_t MarkStackSize                            = 4194304                                   {product} {ergonomic}
   size_t MaxHeapSize                              = 4196401152                                {product} {ergonomic}
   size_t MinHeapDeltaBytes                        = 2097152                                   {product} {ergonomic}
   size_t MinHeapSize                              = 8388608                                   {product} {ergonomic}
    uintx NonNMethodCodeHeapSize                   = 7602480                                {pd product} {ergonomic}
    uintx NonProfiledCodeHeapSize                  = 122027880                              {pd product} {ergonomic}
    uintx ProfiledCodeHeapSize                     = 122027880                              {pd product} {ergonomic}
    uintx ReservedCodeCacheSize                    = 251658240                              {pd product} {ergonomic}
     bool SegmentedCodeCache                       = true                                      {product} {ergonomic}
   size_t SoftMaxHeapSize                          = 4196401152                             {manageable} {ergonomic}
     bool UseCompressedClassPointers               = true                           {product lp64_product} {ergonomic}
     bool UseCompressedOops                        = true                           {product lp64_product} {ergonomic}
     bool UseG1GC                                  = true                                      {product} {ergonomic}
     bool UseLargePagesIndividualAllocation        = false                                  {pd product} {ergonomic}

Logging:
Log output configuration:
 #0: stdout all=warning uptime,level,tags
 #1: stderr all=off uptime,level,tags

Environment Variables:
JAVA_HOME=C:\Program Files\Microsoft\jdk-11.0.16.101-hotspot
CLASSPATH=C:\Program Files\Microsoft\jdk-11.0.16.101-hotspot\bin
PATH=E:\program\Git\mingw64\libexec\git-core;E:\program\Git\mingw64\libexec\git-core;E:\program\Git\mingw64\bin;E:\program\Git\usr\bin;C:\Users\Karry\bin;C:\Program Files (x86)\Common Files\Intel\Shared Libraries\redist\intel64_win\compiler;C:\Program Files\Common Files\Oracle\Java\javapath;C:\Program Files (x86)\Common Files\Oracle\Java\java8path;C:\Program Files (x86)\Common Files\Oracle\Java\javapath;C:\Program Files\Microsoft\jdk-11.0.16.101-hotspot\bin;E:\program\vmware player\bin;C:\Program Files (x86)\Common Files\Intel\Shared Libraries\redist\intel64\compiler;D:\software\unity\server;D:\software\unity\client;D:\software\java\bin;D:\software\Scripts;D:\software;C:\Windows\system32;C:\Windows;C:\Windows\System32\Wbem;C:\Windows\System32\WindowsPowerShell\v1.0;C:\Windows\System32\OpenSSH;C:\Program Files\NVIDIA Corporation\NVIDIA NvDLISR;C:\WINDOWS\system32;C:\WINDOWS;C:\WINDOWS\System32\Wbem;C:\WINDOWS\System32\WindowsPowerShell\v1.0;C:\WINDOWS\System32\OpenSSH;C:\Program Files (x86)\Microsoft SQL Server\100\Tools\Binn;C:\Program Files\Microsoft SQL Server\100\Tools\Binn;C:\Program Files\Microsoft SQL Server\100\DTS\Binn;C:\Program Files\Microsoft SQL Server\140\Tools\Binn;E:\program\nodejs\node_global\node_modules;E:\program\MySQL\MySQL Server 8.0\bin;C:\Program Files\dotnet;E:\program\apache-tomcat\apache-tomcat-10.1.16\bin;C:\Program Files\Microsoft\jdk-11.0.16.101-hotspot\bin;C:\Program Files\Microsoft\jdk-11.0.16.101-hotspot\jre\bin;E:\program\apache-maven-3.9.5-bin\apache-maven-3.8.8-bin\apache-maven-3.8.8\bin;E:\program\apache-maven-3.9.5-bin\apache-maven-3.9.5\bin;E:\program\MySQL\mysql-8.0.31-winx64\mysql-8.0.31-winx64\bin;C:\Program Files\Cloudflare\Cloudflare WARP;E:\program\MATLAB\bin;C:\Program Files (x86)\NVIDIA Corporation\PhysX\Common;C:\Program Files (x86)\Microsoft SQL Server\160\Tools\Binn;C:\Program Files\Microsoft SQL Server\160\Tools\Binn;C:\Program Files\Microsoft SQL Server\Client SDK\ODBC\170\Tools\Binn;C:\Program Files\Microsoft SQL Serv
USERNAME=Karry
DISPLAY=:0.0
LC_ALL=en_US.UTF-8
TERM=xterm-256color
TMPDIR=C:\Users\Karry\AppData\Local\Temp
OS=Windows_NT
PROCESSOR_IDENTIFIER=Intel64 Family 6 Model 154 Stepping 3, GenuineIntel
TMP=C:\Users\Karry\AppData\Local\Temp
TEMP=C:\Users\Karry\AppData\Local\Temp



Periodic native trim disabled

JNI global refs:
JNI global refs: 0, weak refs: 0

JNI global refs memory usage: 0, weak refs: 0

OOME stack traces (most recent first):
Classloader memory used:


---------------  S Y S T E M  ---------------

OS:
 Windows 11 , 64 bit Build 22621 (10.0.22621.4391)
OS uptime: 0 days 2:21 hours
Hyper-V role detected

CPU: total 16 (initial active 16) (8 cores per cpu, 2 threads per core) family 6 model 154 stepping 3 microcode 0x429, cx8, cmov, fxsr, ht, mmx, 3dnowpref, sse, sse2, sse3, ssse3, sse4.1, sse4.2, popcnt, lzcnt, tsc, tscinvbit, avx, avx2, aes, erms, clmul, bmi1, bmi2, adx, sha, fma, vzeroupper, clflush, clflushopt, clwb, hv
Processor Information for all 16 processors :
  Max Mhz: 2500, Current Mhz: 2500, Mhz Limit: 2500

Memory: 4k page, system-wide physical 16004M (706M free)
TotalPageFile size 40580M (AvailPageFile size 103M)
current process WorkingSet (physical memory assigned to process): 11M, peak: 11M
current process commit charge ("private bytes"): 70M, peak: 322M

vm_info: OpenJDK 64-Bit Server VM (17.0.9+7-b1000.46) for windows-amd64 JRE (17.0.9+7-b1000.46), built on 2023-10-27 by "builduser" with MS VC++ 16.10 / 16.11 (VS2019)

END.
